ALSA lib confmisc.c:855:(parse_card) cannot find card '0'
ALSA lib conf.c:5204:(_snd_config_evaluate) function snd_func_card_inum returned error: No such file or directory
ALSA lib confmisc.c:422:(snd_func_concat) error evaluating strings
ALSA lib conf.c:5204:(_snd_config_evaluate) function snd_func_concat returned error: No such file or directory
ALSA lib confmisc.c:1342:(snd_func_refer) error evaluating name
ALSA lib conf.c:5204:(_snd_config_evaluate) function snd_func_refer returned error: No such file or directory
ALSA lib conf.c:5727:(snd_config_expand) Evaluate error: No such file or directory
ALSA lib pcm.c:2721:(snd_pcm_open_noupdate) Unknown PCM default
ERROR: Condition "status < 0" is true. Returned: ERR_CANT_OPEN
   at: init_device (drivers/alsa/audio_driver_alsa.cpp:89)
WARNING: All audio drivers failed, falling back to the dummy driver.
     at: initialize (servers/audio_server.cpp:222)
ERROR: Cannot export project with preset "Android Emulator GLES2" due to configuration errors:
Debug keystore not configured in the Editor Settings nor in the preset.
A valid Android SDK path is required in Editor Settings.

   at: _fs_changed (editor/editor_node.cpp:806)
ERROR: Project export for preset "Android Emulator GLES2" failed.
   at: _fs_changed (editor/editor_node.cpp:822)
Godot Engine v3.5.3.stable.official.6c814135b - https://godotengine.org
OpenGL ES 2.0 Renderer: llvmpipe (LLVM 20.1.2, 256 bits)
 
